<?xml version="1.0" encoding="UTF-8" ?>
<testsuites>
  <testsuite errors="0" failures="0" hostname="Mahes-MacBook-Pro.local" id="0" name="UserServiceSpec" package="com.quickpm" tests="22" time="4.109" timestamp="2014-12-23T11:18:39">
      <properties />

      <testcase classname="com.quickpm.UserServiceSpec" name="test checkEmail" time="2.949" />

      <testcase classname="com.quickpm.UserServiceSpec" name="test checkEmail invalid email" time="0.063" />

      <testcase classname="com.quickpm.UserServiceSpec" name="test signUp" time="0.106" />

      <testcase classname="com.quickpm.UserServiceSpec" name="test signUp existing user" time="0.051" />

      <testcase classname="com.quickpm.UserServiceSpec" name="test signUp with no role setup" time="0.041" />

      <testcase classname="com.quickpm.UserServiceSpec" name="test activate" time="0.068" />

      <testcase classname="com.quickpm.UserServiceSpec" name="test activate invalid user" time="0.044" />

      <testcase classname="com.quickpm.UserServiceSpec" name="test deactivate" time="0.066" />

      <testcase classname="com.quickpm.UserServiceSpec" name="test deactivate invalid user" time="0.046" />

      <testcase classname="com.quickpm.UserServiceSpec" name="test changePassword" time="0.077" />

      <testcase classname="com.quickpm.UserServiceSpec" name="test changePassword invalid old password" time="0.058" />

      <testcase classname="com.quickpm.UserServiceSpec" name="test changePassword invalid user" time="0.038" />

      <testcase classname="com.quickpm.UserServiceSpec" name="test resetPassword" time="0.055" />

      <testcase classname="com.quickpm.UserServiceSpec" name="test restPassword invalid user" time="0.035" />

      <testcase classname="com.quickpm.UserServiceSpec" name="test addUser" time="0.065" />

      <testcase classname="com.quickpm.UserServiceSpec" name="test addUser user already exists" time="0.061" />

      <testcase classname="com.quickpm.UserServiceSpec" name="test addUser no role setup" time="0.043" />

      <testcase classname="com.quickpm.UserServiceSpec" name="test updateUser" time="0.079" />

      <testcase classname="com.quickpm.UserServiceSpec" name="test updateUser invalid user" time="0.03" />

      <testcase classname="com.quickpm.UserServiceSpec" name="test updateUser invalid role" time="0.034" />

      <testcase classname="com.quickpm.UserServiceSpec" name="test deleteUser" time="0.049" />

      <testcase classname="com.quickpm.UserServiceSpec" name="test deleteUser invalid user" time="0.02" />

      <system-out><![CDATA[--Output from test checkEmail--
--Output from test checkEmail invalid email--
--Output from test signUp--
--Output from test signUp existing user--
--Output from test signUp with no role setup--
--Output from test activate--
--Output from test activate invalid user--
--Output from test deactivate--
--Output from test deactivate invalid user--
--Output from test changePassword--
--Output from test changePassword invalid old password--
--Output from test changePassword invalid user--
--Output from test resetPassword--
--Output from test restPassword invalid user--
--Output from test addUser--
--Output from test addUser user already exists--
--Output from test addUser no role setup--
--Output from test updateUser--
--Output from test updateUser invalid user--
--Output from test updateUser invalid role--
--Output from test deleteUser--
--Output from test deleteUser invalid user--
]]></system-out>

      <system-err><![CDATA[--Output from test checkEmail--
--Output from test checkEmail invalid email--
--Output from test signUp--
--Output from test signUp existing user--
--Output from test signUp with no role setup--
--Output from test activate--
--Output from test activate invalid user--
--Output from test deactivate--
--Output from test deactivate invalid user--
--Output from test changePassword--
--Output from test changePassword invalid old password--
--Output from test changePassword invalid user--
--Output from test resetPassword--
--Output from test restPassword invalid user--
--Output from test addUser--
--Output from test addUser user already exists--
--Output from test addUser no role setup--
--Output from test updateUser--
--Output from test updateUser invalid user--
--Output from test updateUser invalid role--
--Output from test deleteUser--
--Output from test deleteUser invalid user--
]]></system-err>

  </testsuite>
</testsuites>
